Using pre-set license
Built from '2021.1/staging' branch; Version is '2021.1.7f1 (d91830b65d9b) revision 14227504'; Using compiler version '192528614'; Build Type 'Release'
OS: 'Windows 10 Home; OS build 19045.2486; Version 2009; 64bit' Language: 'en' Physical Memory: 16289 MB
BatchMode: 1, IsHumanControllingUs: 0, StartBugReporterOnCrash: 0, Is64bit: 1, IsPro: 0

 COMMAND LINE ARGUMENTS:
C:\Users\Bossman\Desktop\Unity Project\2021.1.7f1\Editor\Unity.exe
-adb2
-batchMode
-noUpm
-name
AssetImportWorker0
-projectPath
C:/Users/Bossman/Desktop/Tech-Questions
-logFile
Logs/AssetImportWorker0.log
-srvPort
63775
Successfully changed project path to: C:/Users/Bossman/Desktop/Tech-Questions
C:/Users/Bossman/Desktop/Tech-Questions
Using Asset Import Pipeline V2.
Refreshing native plugins compatible for Editor in 111.92 ms, found 2 plugins.
Preloading 0 native plugins for Editor in 0.00 ms.
Initialize engine version: 2021.1.7f1 (d91830b65d9b)
[Subsystems] Discovering subsystems at path C:/Users/Bossman/Desktop/Unity Project/2021.1.7f1/Editor/Data/Resources/UnitySubsystems
[Subsystems] Discovering subsystems at path C:/Users/Bossman/Desktop/Tech-Questions/Assets
GfxDevice: creating device client; threaded=0; jobified=0
Direct3D:
    Version:  Direct3D 11.0 [level 11.1]
    Renderer: NVIDIA GeForce RTX 3060 (ID=0x2487)
    Vendor:   NVIDIA
    VRAM:     12124 MB
    Driver:   31.0.15.2756
Initialize mono
Mono path[0] = 'C:/Users/Bossman/Desktop/Unity Project/2021.1.7f1/Editor/Data/Managed'
Mono path[1] = 'C:/Users/Bossman/Desktop/Unity Project/2021.1.7f1/Editor/Data/MonoBleedingEdge/lib/mono/unityjit'
Mono config path = 'C:/Users/Bossman/Desktop/Unity Project/2021.1.7f1/Editor/Data/MonoBleedingEdge/etc'
Using monoOptions --debugger-agent=transport=dt_socket,embedding=1,server=y,suspend=n,address=127.0.0.1:56460
Begin MonoManager ReloadAssembly
Registering precompiled unity dll's ...
Register platform support module: C:/Users/Bossman/Desktop/Unity Project/2021.1.7f1/Editor/Data/PlaybackEngines/WindowsStandaloneSupport/UnityEditor.WindowsStandalone.Extensions.dll
Registered in 0.002509 seconds.
Native extension for WindowsStandalone target not found
Refreshing native plugins compatible for Editor in 111.07 ms, found 2 plugins.
Preloading 0 native plugins for Editor in 0.00 ms.
Mono: successfully reloaded assembly
- Completed reload, in  5.635 seconds
Platform modules already initialized, skipping
Registering precompiled user dll's ...
Registered in 0.232369 seconds.
Begin MonoManager ReloadAssembly
Symbol file LoadedFromMemory doesn't match image C:\Users\Bossman\Desktop\Tech-Questions\Library\PackageCache\com.unity.visualscripting@1.6.1\Editor\VisualScripting.Core\Dependencies\YamlDotNet\Unity.VisualScripting.YamlDotNet.dll
Symbol file LoadedFromMemory doesn't match image C:\Users\Bossman\Desktop\Tech-Questions\Library\PackageCache\com.unity.visualscripting@1.6.1\Editor\VisualScripting.Core\Dependencies\DotNetZip\Unity.VisualScripting.IonicZip.dll
Native extension for WindowsStandalone target not found
Refreshing native plugins compatible for Editor in 103.18 ms, found 2 plugins.
Preloading 0 native plugins for Editor in 0.00 ms.
Mono: successfully reloaded assembly
- Completed reload, in  1.243 seconds
Platform modules already initialized, skipping
========================================================================
Worker process is ready to serve import requests
Launched and connected shader compiler UnityShaderCompiler.exe after 0.09 seconds
Refreshing native plugins compatible for Editor in 0.68 ms, found 2 plugins.
Preloading 0 native plugins for Editor in 0.00 ms.
Unloading 3387 Unused Serialized files (Serialized files now loaded: 0)
System memory in use before: 130.2 MB.
System memory in use after: 130.3 MB.

Unloading 28 unused Assets to reduce memory usage. Loaded Objects now: 3842.
Total: 2.630400 ms (FindLiveObjects: 0.310900 ms CreateObjectMapping: 0.088800 ms MarkObjects: 2.079000 ms  DeleteObjects: 0.150500 ms)

========================================================================
Received Import Request.
  path: Assets/Scripts/StatsSO.cs
  artifactKey: Guid(2257c11f33eea2c4ba0a1dea07218605) Importer(815301076,1909f56bfc062723c751e8b465ee728b)
Start importing Assets/Scripts/StatsSO.cs using Guid(2257c11f33eea2c4ba0a1dea07218605) Importer(815301076,1909f56bfc062723c751e8b465ee728b)  -> (artifact id: 'b55a0f65fcb2bbd75a875052cc280592') in 0.052749 seconds 
========================================================================
Received Prepare
Registering precompiled user dll's ...
Registered in 0.003942 seconds.
Begin MonoManager ReloadAssembly
Symbol file LoadedFromMemory doesn't match image C:\Users\Bossman\Desktop\Tech-Questions\Library\PackageCache\com.unity.visualscripting@1.6.1\Editor\VisualScripting.Core\Dependencies\YamlDotNet\Unity.VisualScripting.YamlDotNet.dll
Symbol file LoadedFromMemory doesn't match image C:\Users\Bossman\Desktop\Tech-Questions\Library\PackageCache\com.unity.visualscripting@1.6.1\Editor\VisualScripting.Core\Dependencies\DotNetZip\Unity.VisualScripting.IonicZip.dll
Native extension for WindowsStandalone target not found
Refreshing native plugins compatible for Editor in 0.71 ms, found 2 plugins.
Preloading 0 native plugins for Editor in 0.00 ms.
Mono: successfully reloaded assembly
- Completed reload, in  1.154 seconds
Platform modules already initialized, skipping
Refreshing native plugins compatible for Editor in 0.88 ms, found 2 plugins.
Preloading 0 native plugins for Editor in 0.00 ms.
Unloading 3369 Unused Serialized files (Serialized files now loaded: 0)
System memory in use before: 128.9 MB.
System memory in use after: 129.0 MB.

Unloading 16 unused Assets to reduce memory usage. Loaded Objects now: 3846.
Total: 4.444900 ms (FindLiveObjects: 0.390100 ms CreateObjectMapping: 0.111100 ms MarkObjects: 3.791300 ms  DeleteObjects: 0.150400 ms)

========================================================================
Received Import Request.
  Time since last request: 79.847981 seconds.
  path: Assets/Scripts/StatsSO.cs
  artifactKey: Guid(2257c11f33eea2c4ba0a1dea07218605) Importer(815301076,1909f56bfc062723c751e8b465ee728b)
Start importing Assets/Scripts/StatsSO.cs using Guid(2257c11f33eea2c4ba0a1dea07218605) Importer(815301076,1909f56bfc062723c751e8b465ee728b)  -> (artifact id: '3edfe03ba1be4eb0b74b044c7fbf99fe') in 0.007990 seconds 
========================================================================
Received Import Request.
  Time since last request: 36.609462 seconds.
  path: Assets/Scripts/StatsSO.cs
  artifactKey: Guid(2257c11f33eea2c4ba0a1dea07218605) Importer(815301076,1909f56bfc062723c751e8b465ee728b)
Start importing Assets/Scripts/StatsSO.cs using Guid(2257c11f33eea2c4ba0a1dea07218605) Importer(815301076,1909f56bfc062723c751e8b465ee728b)  -> (artifact id: 'ea881c7f5ff1465d96d46fcda145412d') in 0.003673 seconds 
========================================================================
Received Import Request.
  Time since last request: 56.326005 seconds.
  path: Assets/Scripts/ScriptableObjects
  artifactKey: Guid(b6dd5a38aed34884694b073d7957bb87) Importer(815301076,1909f56bfc062723c751e8b465ee728b)
Start importing Assets/Scripts/ScriptableObjects using Guid(b6dd5a38aed34884694b073d7957bb87) Importer(815301076,1909f56bfc062723c751e8b465ee728b)  -> (artifact id: '841f54b92838e95893a263471af9175f') in 0.006981 seconds 
========================================================================
Received Import Request.
  Time since last request: 11.980463 seconds.
  path: Assets/Scripts/Stats
  artifactKey: Guid(62383dc25f870564eae4b71062b8b589) Importer(815301076,1909f56bfc062723c751e8b465ee728b)
Start importing Assets/Scripts/Stats using Guid(62383dc25f870564eae4b71062b8b589) Importer(815301076,1909f56bfc062723c751e8b465ee728b)  -> (artifact id: '8bc6ea3ef85874f7ab08e0f10fb329c5') in 0.007692 seconds 
========================================================================
Received Prepare
Registering precompiled user dll's ...
Registered in 0.004113 seconds.
Begin MonoManager ReloadAssembly
Symbol file LoadedFromMemory doesn't match image C:\Users\Bossman\Desktop\Tech-Questions\Library\PackageCache\com.unity.visualscripting@1.6.1\Editor\VisualScripting.Core\Dependencies\YamlDotNet\Unity.VisualScripting.YamlDotNet.dll
Symbol file LoadedFromMemory doesn't match image C:\Users\Bossman\Desktop\Tech-Questions\Library\PackageCache\com.unity.visualscripting@1.6.1\Editor\VisualScripting.Core\Dependencies\DotNetZip\Unity.VisualScripting.IonicZip.dll
Native extension for WindowsStandalone target not found
Refreshing native plugins compatible for Editor in 0.71 ms, found 2 plugins.
Preloading 0 native plugins for Editor in 0.00 ms.
Mono: successfully reloaded assembly
- Completed reload, in  1.060 seconds
Platform modules already initialized, skipping
Refreshing native plugins compatible for Editor in 0.73 ms, found 2 plugins.
Preloading 0 native plugins for Editor in 0.00 ms.
Unloading 3369 Unused Serialized files (Serialized files now loaded: 0)
System memory in use before: 129.0 MB.
System memory in use after: 129.1 MB.

Unloading 16 unused Assets to reduce memory usage. Loaded Objects now: 3850.
Total: 2.590600 ms (FindLiveObjects: 0.297300 ms CreateObjectMapping: 0.083800 ms MarkObjects: 2.031400 ms  DeleteObjects: 0.176800 ms)

========================================================================
Received Import Request.
  Time since last request: 164.453434 seconds.
  path: Assets/Prefabs/Sprite.prefab
  artifactKey: Guid(3b2f1afd4bfb9094c9540fbbab9958bd) Importer(815301076,1909f56bfc062723c751e8b465ee728b)
Start importing Assets/Prefabs/Sprite.prefab using Guid(3b2f1afd4bfb9094c9540fbbab9958bd) Importer(815301076,1909f56bfc062723c751e8b465ee728b)  -> (artifact id: '0988c32c2ab84d36ab98c0c248f1cc66') in 0.105804 seconds 
========================================================================
Received Prepare
Registering precompiled user dll's ...
Registered in 0.003610 seconds.
Begin MonoManager ReloadAssembly
Symbol file LoadedFromMemory doesn't match image C:\Users\Bossman\Desktop\Tech-Questions\Library\PackageCache\com.unity.visualscripting@1.6.1\Editor\VisualScripting.Core\Dependencies\YamlDotNet\Unity.VisualScripting.YamlDotNet.dll
Symbol file LoadedFromMemory doesn't match image C:\Users\Bossman\Desktop\Tech-Questions\Library\PackageCache\com.unity.visualscripting@1.6.1\Editor\VisualScripting.Core\Dependencies\DotNetZip\Unity.VisualScripting.IonicZip.dll
Native extension for WindowsStandalone target not found
Refreshing native plugins compatible for Editor in 1.00 ms, found 2 plugins.
Preloading 0 native plugins for Editor in 0.00 ms.
Mono: successfully reloaded assembly
- Completed reload, in  1.072 seconds
Platform modules already initialized, skipping
Refreshing native plugins compatible for Editor in 0.73 ms, found 2 plugins.
Preloading 0 native plugins for Editor in 0.00 ms.
Unloading 3369 Unused Serialized files (Serialized files now loaded: 0)
System memory in use before: 132.6 MB.
System memory in use after: 132.7 MB.

Unloading 16 unused Assets to reduce memory usage. Loaded Objects now: 3861.
Total: 2.636500 ms (FindLiveObjects: 0.295100 ms CreateObjectMapping: 0.138200 ms MarkObjects: 2.092600 ms  DeleteObjects: 0.109400 ms)

========================================================================
Received Import Request.
  Time since last request: 34.060528 seconds.
  path: Assets/Scripts/Stats/FastEast.asset
  artifactKey: Guid(b62344d6e7367bd4eba72b841ea4e1af) Importer(815301076,1909f56bfc062723c751e8b465ee728b)
Start importing Assets/Scripts/Stats/FastEast.asset using Guid(b62344d6e7367bd4eba72b841ea4e1af) Importer(815301076,1909f56bfc062723c751e8b465ee728b)  -> (artifact id: 'c80480f0a5583cbdc529c59712b40c4b') in 0.020787 seconds 
========================================================================
Received Import Request.
  Time since last request: 7.647337 seconds.
  path: Assets/Scripts/Stats/FastWest.asset
  artifactKey: Guid(8b047393e06c0aa4faccfd96c4be578e) Importer(815301076,1909f56bfc062723c751e8b465ee728b)
Start importing Assets/Scripts/Stats/FastWest.asset using Guid(8b047393e06c0aa4faccfd96c4be578e) Importer(815301076,1909f56bfc062723c751e8b465ee728b)  -> (artifact id: '7bfdde9182ab42c63b5dace48a60cc92') in 0.007846 seconds 
========================================================================
Received Import Request.
  Time since last request: 8.680236 seconds.
  path: Assets/Scripts/Stats/SlowSouth.asset
  artifactKey: Guid(8b81723c8e64daa459589ab17ff8254b) Importer(815301076,1909f56bfc062723c751e8b465ee728b)
Start importing Assets/Scripts/Stats/SlowSouth.asset using Guid(8b81723c8e64daa459589ab17ff8254b) Importer(815301076,1909f56bfc062723c751e8b465ee728b)  -> (artifact id: '8a15b49d992340d3a3751b3437cf9ffe') in 0.007251 seconds 
========================================================================
Received Import Request.
  Time since last request: 6.915362 seconds.
  path: Assets/Scripts/Stats/SlowNorth.asset
  artifactKey: Guid(24899ca699d4fa84991c4aa54c48f650) Importer(815301076,1909f56bfc062723c751e8b465ee728b)
Start importing Assets/Scripts/Stats/SlowNorth.asset using Guid(24899ca699d4fa84991c4aa54c48f650) Importer(815301076,1909f56bfc062723c751e8b465ee728b)  -> (artifact id: '978c18f15f1ce2e99320025e75aa0d13') in 0.007140 seconds 
========================================================================
Received Import Request.
  Time since last request: 56.304296 seconds.
  path: Assets/Prefabs/Sprite.prefab
  artifactKey: Guid(3b2f1afd4bfb9094c9540fbbab9958bd) Importer(815301076,1909f56bfc062723c751e8b465ee728b)
Start importing Assets/Prefabs/Sprite.prefab using Guid(3b2f1afd4bfb9094c9540fbbab9958bd) Importer(815301076,1909f56bfc062723c751e8b465ee728b)  -> (artifact id: 'c7d2351320dfed19e28974c15ea85910') in 0.052074 seconds 
========================================================================
Received Import Request.
  Time since last request: 7.952339 seconds.
  path: Assets/Scripts/Stats/SlowNorth.asset
  artifactKey: Guid(24899ca699d4fa84991c4aa54c48f650) Importer(815301076,1909f56bfc062723c751e8b465ee728b)
Start importing Assets/Scripts/Stats/SlowNorth.asset using Guid(24899ca699d4fa84991c4aa54c48f650) Importer(815301076,1909f56bfc062723c751e8b465ee728b)  -> (artifact id: '333238d07f6a03748ed1d948cbd6d028') in 0.003922 seconds 
========================================================================
Received Import Request.
  Time since last request: 0.414829 seconds.
  path: Assets/Scripts/Stats/FastEast.asset
  artifactKey: Guid(b62344d6e7367bd4eba72b841ea4e1af) Importer(815301076,1909f56bfc062723c751e8b465ee728b)
Start importing Assets/Scripts/Stats/FastEast.asset using Guid(b62344d6e7367bd4eba72b841ea4e1af) Importer(815301076,1909f56bfc062723c751e8b465ee728b)  -> (artifact id: 'e5d1bb434709a2d497cdcb6c6f0c040a') in 0.003402 seconds 
========================================================================
Received Import Request.
  Time since last request: 3.747754 seconds.
  path: Assets/Scripts/Stats/SlowSouth.asset
  artifactKey: Guid(8b81723c8e64daa459589ab17ff8254b) Importer(815301076,1909f56bfc062723c751e8b465ee728b)
Start importing Assets/Scripts/Stats/SlowSouth.asset using Guid(8b81723c8e64daa459589ab17ff8254b) Importer(815301076,1909f56bfc062723c751e8b465ee728b)  -> (artifact id: '3a47a2e3841c7a55a051123376cb4ef0') in 0.003376 seconds 
========================================================================
Received Prepare
Registering precompiled user dll's ...
Registered in 0.003550 seconds.
Begin MonoManager ReloadAssembly
Symbol file LoadedFromMemory doesn't match image C:\Users\Bossman\Desktop\Tech-Questions\Library\PackageCache\com.unity.visualscripting@1.6.1\Editor\VisualScripting.Core\Dependencies\YamlDotNet\Unity.VisualScripting.YamlDotNet.dll
Symbol file LoadedFromMemory doesn't match image C:\Users\Bossman\Desktop\Tech-Questions\Library\PackageCache\com.unity.visualscripting@1.6.1\Editor\VisualScripting.Core\Dependencies\DotNetZip\Unity.VisualScripting.IonicZip.dll
Native extension for WindowsStandalone target not found
Refreshing native plugins compatible for Editor in 0.78 ms, found 2 plugins.
Preloading 0 native plugins for Editor in 0.00 ms.
Mono: successfully reloaded assembly
- Completed reload, in  1.074 seconds
Platform modules already initialized, skipping
Refreshing native plugins compatible for Editor in 0.72 ms, found 2 plugins.
Preloading 0 native plugins for Editor in 0.00 ms.
Unloading 3369 Unused Serialized files (Serialized files now loaded: 0)
System memory in use before: 132.7 MB.
System memory in use after: 132.8 MB.

Unloading 16 unused Assets to reduce memory usage. Loaded Objects now: 3866.
Total: 2.988800 ms (FindLiveObjects: 0.396700 ms CreateObjectMapping: 0.089600 ms MarkObjects: 2.385200 ms  DeleteObjects: 0.116200 ms)

========================================================================
Received Prepare
Registering precompiled user dll's ...
Registered in 0.003529 seconds.
Begin MonoManager ReloadAssembly
Symbol file LoadedFromMemory doesn't match image C:\Users\Bossman\Desktop\Tech-Questions\Library\PackageCache\com.unity.visualscripting@1.6.1\Editor\VisualScripting.Core\Dependencies\YamlDotNet\Unity.VisualScripting.YamlDotNet.dll
Symbol file LoadedFromMemory doesn't match image C:\Users\Bossman\Desktop\Tech-Questions\Library\PackageCache\com.unity.visualscripting@1.6.1\Editor\VisualScripting.Core\Dependencies\DotNetZip\Unity.VisualScripting.IonicZip.dll
Native extension for WindowsStandalone target not found
Refreshing native plugins compatible for Editor in 0.71 ms, found 2 plugins.
Preloading 0 native plugins for Editor in 0.00 ms.
Mono: successfully reloaded assembly
- Completed reload, in  1.051 seconds
Platform modules already initialized, skipping
Refreshing native plugins compatible for Editor in 0.76 ms, found 2 plugins.
Preloading 0 native plugins for Editor in 0.00 ms.
Unloading 3369 Unused Serialized files (Serialized files now loaded: 0)
System memory in use before: 132.7 MB.
System memory in use after: 132.8 MB.

Unloading 16 unused Assets to reduce memory usage. Loaded Objects now: 3870.
Total: 2.503200 ms (FindLiveObjects: 0.294800 ms CreateObjectMapping: 0.084100 ms MarkObjects: 2.012700 ms  DeleteObjects: 0.110300 ms)

========================================================================
Received Prepare
Registering precompiled user dll's ...
Registered in 0.003638 seconds.
Begin MonoManager ReloadAssembly
Symbol file LoadedFromMemory doesn't match image C:\Users\Bossman\Desktop\Tech-Questions\Library\PackageCache\com.unity.visualscripting@1.6.1\Editor\VisualScripting.Core\Dependencies\YamlDotNet\Unity.VisualScripting.YamlDotNet.dll
Symbol file LoadedFromMemory doesn't match image C:\Users\Bossman\Desktop\Tech-Questions\Library\PackageCache\com.unity.visualscripting@1.6.1\Editor\VisualScripting.Core\Dependencies\DotNetZip\Unity.VisualScripting.IonicZip.dll
Native extension for WindowsStandalone target not found
Refreshing native plugins compatible for Editor in 0.73 ms, found 2 plugins.
Preloading 0 native plugins for Editor in 0.00 ms.
Mono: successfully reloaded assembly
- Completed reload, in  1.052 seconds
Platform modules already initialized, skipping
Refreshing native plugins compatible for Editor in 0.69 ms, found 2 plugins.
Preloading 0 native plugins for Editor in 0.00 ms.
Unloading 3369 Unused Serialized files (Serialized files now loaded: 0)
System memory in use before: 132.7 MB.
System memory in use after: 132.8 MB.

Unloading 16 unused Assets to reduce memory usage. Loaded Objects now: 3874.
Total: 2.679000 ms (FindLiveObjects: 0.313300 ms CreateObjectMapping: 0.090400 ms MarkObjects: 2.155000 ms  DeleteObjects: 0.119100 ms)

AssetImportWorkerClient::OnTransportError - code=2 error=End of file
